[Tue Mar 08 19:14:27 MST 2022] - INFO passoff.ServerTest: 	Setting up Valid Fill Relationships Test...
[Tue Mar 08 19:14:28 MST 2022] - INFO client.Proxy: 	Clear called
[Tue Mar 08 19:14:28 MST 2022] - INFO client.Client: 	Post without Request Body called
[Tue Mar 08 19:14:28 MST 2022] - INFO client.Client: 	Attempting to open connection to server
[Tue Mar 08 19:14:28 MST 2022] - INFO client.Client: 	Connection opened to server
[Tue Mar 08 19:14:28 MST 2022] - INFO client.Client: 	Setting passoffrequest method to POST
[Tue Mar 08 19:14:28 MST 2022] - INFO client.Client: 	Request method set to POST
[Tue Mar 08 19:14:28 MST 2022] - INFO client.Client: 	Setting Do Output to true
[Tue Mar 08 19:14:28 MST 2022] - INFO client.Client: 	Do Output set to true
[Tue Mar 08 19:14:28 MST 2022] - INFO client.Client: 	Connecting to server
[Tue Mar 08 19:14:28 MST 2022] - INFO client.Client: 	Connected to server
[Tue Mar 08 19:14:28 MST 2022] - INFO client.Client: 	Getting response code from server
[Tue Mar 08 19:14:29 MST 2022] - INFO client.Client: 	Response code 200 returned
[Tue Mar 08 19:14:29 MST 2022] - INFO client.Client: 	Getting input stream from server
[Tue Mar 08 19:14:29 MST 2022] - INFO client.Client: 	Reading input stream into a string
[Tue Mar 08 19:14:29 MST 2022] - INFO passoff.ServerTest: 	Running Valid Fill Relationships Test...
[Tue Mar 08 19:14:29 MST 2022] - INFO client.Proxy: 	Register called
[Tue Mar 08 19:14:29 MST 2022] - INFO client.Client: 	Post with Request Body called
[Tue Mar 08 19:14:29 MST 2022] - INFO client.Client: 	Attempting to open connection to server
[Tue Mar 08 19:14:29 MST 2022] - INFO client.Client: 	Connection opened to server
[Tue Mar 08 19:14:29 MST 2022] - INFO client.Client: 	Setting passoffrequest method to POST
[Tue Mar 08 19:14:29 MST 2022] - INFO client.Client: 	Request method set to POST
[Tue Mar 08 19:14:29 MST 2022] - INFO client.Client: 	Setting Do Output to true
[Tue Mar 08 19:14:29 MST 2022] - INFO client.Client: 	Do Output set to true
[Tue Mar 08 19:14:29 MST 2022] - INFO client.Client: 	Connecting to server
[Tue Mar 08 19:14:29 MST 2022] - INFO client.Client: 	Connected to server
[Tue Mar 08 19:14:29 MST 2022] - INFO client.Client: 	Opening output stream to server
[Tue Mar 08 19:14:29 MST 2022] - INFO client.Client: 	Writing passoffrequest to server output stream
[Tue Mar 08 19:14:29 MST 2022] - INFO client.Client: 	Request written to server output stream
[Tue Mar 08 19:14:29 MST 2022] - INFO client.Client: 	Closing output stream to server
[Tue Mar 08 19:14:29 MST 2022] - INFO client.Client: 	Output stream to server closed
[Tue Mar 08 19:14:29 MST 2022] - INFO client.Client: 	Getting response code from server
[Tue Mar 08 19:14:29 MST 2022] - INFO client.Client: 	Response code 200 returned
[Tue Mar 08 19:14:29 MST 2022] - INFO client.Client: 	Getting input stream from server
[Tue Mar 08 19:14:29 MST 2022] - INFO client.Client: 	Reading input stream into a string
[Tue Mar 08 19:14:29 MST 2022] - INFO client.Proxy: 	Persons called
[Tue Mar 08 19:14:29 MST 2022] - INFO client.Client: 	Get with Auth Token called
[Tue Mar 08 19:14:29 MST 2022] - INFO client.Client: 	Attempting to open connection to server
[Tue Mar 08 19:14:29 MST 2022] - INFO client.Client: 	Connection opened to server
[Tue Mar 08 19:14:29 MST 2022] - INFO client.Client: 	Setting passoffrequest method to GET
[Tue Mar 08 19:14:29 MST 2022] - INFO client.Client: 	Request method set to GET
[Tue Mar 08 19:14:29 MST 2022] - INFO client.Client: 	Setting Do Output to false
[Tue Mar 08 19:14:29 MST 2022] - INFO client.Client: 	Do Output set to false
[Tue Mar 08 19:14:29 MST 2022] - INFO client.Client: 	Adding Auth token 3173b748-c275-4f0d-8944-6ba4e842666a
[Tue Mar 08 19:14:29 MST 2022] - INFO client.Client: 	Auth token set to 3173b748-c275-4f0d-8944-6ba4e842666a
[Tue Mar 08 19:14:29 MST 2022] - INFO client.Client: 	Connecting to server
[Tue Mar 08 19:14:29 MST 2022] - INFO client.Client: 	Connected to server
[Tue Mar 08 19:14:29 MST 2022] - INFO client.Client: 	Getting response code from server
[Tue Mar 08 19:14:29 MST 2022] - INFO client.Client: 	Response code 200 returned
[Tue Mar 08 19:14:29 MST 2022] - INFO client.Client: 	Getting input stream from server
[Tue Mar 08 19:14:29 MST 2022] - INFO client.Client: 	Reading input stream into a string
